<?xml version="1.0" encoding="UTF-8"?>
<!-- Generated by org.testng.reporters.JUnitXMLReporter -->
<testsuite ignored="0" hostname="KSR" failures="1" tests="1" name="FFtest" time="0.005" errors="0" timestamp="2022-09-27T20:05:50 IST">
  <testcase classname="TestNG.Cross_Browser_Testing" name="CrossBrowser_Testing" time="0.001">
    <failure type="java.lang.NullPointerException" message="Cannot invoke &amp;quot;org.openqa.selenium.WebDriver.get(String)&amp;quot; because &amp;quot;this.driver&amp;quot; is null">
      <![CDATA[java.lang.NullPointerException: Cannot invoke "org.openqa.selenium.WebDriver.get(String)" because "this.driver" is null
at TestNG.Cross_Browser_Testing.CrossBrowser_Testing(Cross_Browser_Testing.java:44)
at java.base/java.util.ArrayList.forEach(ArrayList.java:1511)
... Removed 27 stack frames]]>
    </failure>
  </testcase> <!-- CrossBrowser_Testing -->
</testsuite> <!-- FFtest -->
