<?xml version="1.0" encoding="UTF-8"?>
<!-- Generated by org.testng.reporters.JUnitXMLReporter -->
<testsuite ignored="0" hostname="KSR" failures="0" tests="10" name="Default test" time="0.085" errors="0" timestamp="2022-09-28T20:22:36 IST">
  <testcase classname="TestNG.Different_Parameters_TestMethod" name="Login" time="0.01"/>
  <testcase classname="TestNG.Different_Parameters_TestMethod" name="Login" time="0.001"/>
  <testcase classname="TestNG.Different_Parameters_TestMethod" name="Login" time="0.001"/>
  <testcase classname="TestNG.Different_Parameters_TestMethod" name="Login" time="0.004"/>
  <testcase classname="TestNG.Different_Parameters_TestMethod" name="Login" time="0.002"/>
  <testcase classname="TestNG.Different_Parameters_TestMethod" name="Login" time="0.001"/>
  <testcase classname="TestNG.Different_Parameters_TestMethod" name="Login" time="0.001"/>
  <testcase classname="TestNG.Different_Parameters_TestMethod" name="Login" time="0.001"/>
  <testcase classname="TestNG.Different_Parameters_TestMethod" name="Login" time="0.002"/>
  <testcase classname="TestNG.Different_Parameters_TestMethod" name="Login" time="0.003"/>
</testsuite> <!-- Default test -->
