<?xml version="1.0" encoding="UTF-8"?>
<!-- Generated by org.testng.reporters.JUnitXMLReporter -->
<testsuite ignored="0" hostname="KSR" failures="0" tests="3" name="Default test" time="86.485" errors="0" timestamp="2022-09-27T21:43:06 IST">
  <testcase classname="TestNG.DataProvider_Concept" name="loginValidation" time="63.479"/>
  <testcase classname="TestNG.DataProvider_Concept" name="loginValidation" time="9.063"/>
  <testcase classname="TestNG.DataProvider_Concept" name="loginValidation" time="9.41"/>
</testsuite> <!-- Default test -->
