<?xml version="1.0" encoding="UTF-8"?>
<testng-results ignored="0" total="10" passed="10" failed="0" skipped="0">
  <reporter-output>
  </reporter-output>
  <suite started-at="2022-09-28T20:22:36 IST" name="Default suite" finished-at="2022-09-28T20:22:36 IST" duration-ms="85">
    <groups>
    </groups>
    <test started-at="2022-09-28T20:22:36 IST" name="Default test" finished-at="2022-09-28T20:22:36 IST" duration-ms="85">
      <class name="TestNG.Different_Parameters_TestMethod">
        <test-method signature="Login()[pri:0, instance:TestNG.Different_Parameters_TestMethod@6631f5ca]" started-at="2022-09-28T20:22:36 IST" name="Login" finished-at="2022-09-28T20:22:36 IST" duration-ms="10" status="PASS">
          <reporter-output>
          </reporter-output>
        </test-method> <!-- Login -->
        <test-method signature="Login()[pri:0, instance:TestNG.Different_Parameters_TestMethod@6631f5ca]" started-at="2022-09-28T20:22:36 IST" name="Login" finished-at="2022-09-28T20:22:36 IST" duration-ms="1" status="PASS">
          <reporter-output>
          </reporter-output>
        </test-method> <!-- Login -->
        <test-method signature="Login()[pri:0, instance:TestNG.Different_Parameters_TestMethod@6631f5ca]" started-at="2022-09-28T20:22:36 IST" name="Login" finished-at="2022-09-28T20:22:36 IST" duration-ms="1" status="PASS">
          <reporter-output>
          </reporter-output>
        </test-method> <!-- Login -->
        <test-method signature="Login()[pri:0, instance:TestNG.Different_Parameters_TestMethod@6631f5ca]" started-at="2022-09-28T20:22:36 IST" name="Login" finished-at="2022-09-28T20:22:36 IST" duration-ms="4" status="PASS">
          <reporter-output>
          </reporter-output>
        </test-method> <!-- Login -->
        <test-method signature="Login()[pri:0, instance:TestNG.Different_Parameters_TestMethod@6631f5ca]" started-at="2022-09-28T20:22:36 IST" name="Login" finished-at="2022-09-28T20:22:36 IST" duration-ms="2" status="PASS">
          <reporter-output>
          </reporter-output>
        </test-method> <!-- Login -->
        <test-method signature="Login()[pri:0, instance:TestNG.Different_Parameters_TestMethod@6631f5ca]" started-at="2022-09-28T20:22:36 IST" name="Login" finished-at="2022-09-28T20:22:36 IST" duration-ms="1" status="PASS">
          <reporter-output>
          </reporter-output>
        </test-method> <!-- Login -->
        <test-method signature="Login()[pri:0, instance:TestNG.Different_Parameters_TestMethod@6631f5ca]" started-at="2022-09-28T20:22:36 IST" name="Login" finished-at="2022-09-28T20:22:36 IST" duration-ms="1" status="PASS">
          <reporter-output>
          </reporter-output>
        </test-method> <!-- Login -->
        <test-method signature="Login()[pri:0, instance:TestNG.Different_Parameters_TestMethod@6631f5ca]" started-at="2022-09-28T20:22:36 IST" name="Login" finished-at="2022-09-28T20:22:36 IST" duration-ms="1" status="PASS">
          <reporter-output>
          </reporter-output>
        </test-method> <!-- Login -->
        <test-method signature="Login()[pri:0, instance:TestNG.Different_Parameters_TestMethod@6631f5ca]" started-at="2022-09-28T20:22:36 IST" name="Login" finished-at="2022-09-28T20:22:36 IST" duration-ms="2" status="PASS">
          <reporter-output>
          </reporter-output>
        </test-method> <!-- Login -->
        <test-method signature="Login()[pri:0, instance:TestNG.Different_Parameters_TestMethod@6631f5ca]" started-at="2022-09-28T20:22:36 IST" name="Login" finished-at="2022-09-28T20:22:36 IST" duration-ms="3" status="PASS">
          <reporter-output>
          </reporter-output>
        </test-method> <!-- Login -->
      </class> <!-- TestNG.Different_Parameters_TestMethod -->
    </test> <!-- Default test -->
  </suite> <!-- Default suite -->
</testng-results>
